[2025-02-02 18:22:36] 환경 변수 설정 완료
[2025-02-02 18:22:36] Azure CLI 로그인 상태 확인 중...
[2025-02-02 18:22:37] 공통 리소스 설정 중...
[2025-02-02 18:22:48] Error: Event Grid Topic 생성 실패 (Exit Code: 1)
[2025-02-02 19:05:22] 환경 변수 설정 완료
[2025-02-02 19:05:22] Azure CLI 로그인 상태 확인 중...
[2025-02-02 19:05:23] 공통 리소스 설정 중...
[2025-02-02 19:06:26] 데이터베이스(sms) 설정 중...
[2025-02-02 19:06:26] 데이터베이스 Secret 설정 중...
[2025-02-02 19:06:27] 기존 데이터베이스 정리 중...
[2025-02-02 19:06:27] MongoDB 데이터베이스(sms) 설정 중...
[2025-02-02 19:06:27] 데이터베이스 준비 상태 대기 중...
[2025-02-02 19:06:27] 데이터베이스 준비 완료
[2025-02-02 19:06:27] 데이터베이스(push) 설정 중...
[2025-02-02 19:06:27] 데이터베이스 Secret 설정 중...
[2025-02-02 19:06:28] 기존 데이터베이스 정리 중...
[2025-02-02 19:06:28] MongoDB 데이터베이스(push) 설정 중...
[2025-02-02 19:06:28] 데이터베이스 준비 상태 대기 중...
[2025-02-02 19:06:29] 데이터베이스 준비 완료
[2025-02-02 19:06:29] Usage(Producer) 서비스 배포 시작...
[2025-02-02 19:07:25] LoadBalancer IP 대기 중...
[2025-02-02 19:07:25] LoadBalancer IP 대기 중... (1/30)
[2025-02-02 19:07:35] Subscriber(sms) 서비스 배포 시작...
[2025-02-02 20:04:47] 환경 변수 설정 완료
[2025-02-02 20:04:47] Azure CLI 로그인 상태 확인 중...
[2025-02-02 20:04:47] 공통 리소스 설정 중...
[2025-02-02 20:04:49] Event Grid Topic이 이미 존재합니다
[2025-02-02 20:04:52] Deadletter 컨테이너가 이미 존재합니다
[2025-02-02 20:04:52] 데이터베이스(sms) 설정 중...
[2025-02-02 20:04:52] 데이터베이스 Secret 설정 중...
[2025-02-02 20:04:52] 기존 데이터베이스 정리 중...
[2025-02-02 20:04:52] MongoDB 데이터베이스(sms) 설정 중...
[2025-02-02 20:04:53] 데이터베이스 준비 상태 대기 중...
[2025-02-02 20:04:53] 데이터베이스 준비 완료
[2025-02-02 20:04:53] 데이터베이스(push) 설정 중...
[2025-02-02 20:04:53] 데이터베이스 Secret 설정 중...
[2025-02-02 20:04:53] 기존 데이터베이스 정리 중...
[2025-02-02 20:04:53] MongoDB 데이터베이스(push) 설정 중...
[2025-02-02 20:04:54] 데이터베이스 준비 상태 대기 중...
[2025-02-02 20:04:54] 데이터베이스 준비 완료
[2025-02-02 20:04:54] Usage(Producer) 서비스 배포 시작...
[2025-02-02 20:05:29] LoadBalancer IP 대기 중...
[2025-02-02 20:05:29] Subscriber(sms) 서비스 배포 시작...
[2025-02-02 20:10:32] 환경 변수 설정 완료
[2025-02-02 20:10:32] Azure CLI 로그인 상태 확인 중...
[2025-02-02 20:10:32] 공통 리소스 설정 중...
[2025-02-02 20:10:34] Event Grid Topic이 이미 존재합니다
[2025-02-02 20:10:36] Deadletter 컨테이너가 이미 존재합니다
[2025-02-02 20:10:36] 데이터베이스(sms) 설정 중...
[2025-02-02 20:10:36] 데이터베이스 Secret 설정 중...
[2025-02-02 20:10:36] 기존 데이터베이스 정리 중...
[2025-02-02 20:10:37] MongoDB 데이터베이스(sms) 설정 중...
[2025-02-02 20:10:37] 데이터베이스 준비 상태 대기 중...
[2025-02-02 20:10:37] 데이터베이스 준비 완료
[2025-02-02 20:10:37] 데이터베이스(push) 설정 중...
[2025-02-02 20:10:37] 데이터베이스 Secret 설정 중...
[2025-02-02 20:10:38] 기존 데이터베이스 정리 중...
[2025-02-02 20:10:38] MongoDB 데이터베이스(push) 설정 중...
[2025-02-02 20:10:38] 데이터베이스 준비 상태 대기 중...
[2025-02-02 20:10:38] 데이터베이스 준비 완료
[2025-02-02 20:12:23] 환경 변수 설정 완료
[2025-02-02 20:12:23] Azure CLI 로그인 상태 확인 중...
[2025-02-02 20:12:23] 공통 리소스 설정 중...
[2025-02-02 20:12:24] Event Grid Topic이 이미 존재합니다
[2025-02-02 20:12:27] Deadletter 컨테이너가 이미 존재합니다
[2025-02-02 20:12:27] 데이터베이스(sms) 설정 중...
[2025-02-02 20:12:27] 데이터베이스 Secret 설정 중...
[2025-02-02 20:12:27] 기존 데이터베이스 정리 중...
[2025-02-02 20:12:27] MongoDB 데이터베이스(sms) 설정 중...
[2025-02-02 20:12:28] 데이터베이스 준비 상태 대기 중...
[2025-02-02 20:12:28] 데이터베이스 준비 완료
[2025-02-02 20:12:28] 데이터베이스(push) 설정 중...
[2025-02-02 20:12:28] 데이터베이스 Secret 설정 중...
[2025-02-02 20:12:28] 기존 데이터베이스 정리 중...
[2025-02-02 20:12:28] MongoDB 데이터베이스(push) 설정 중...
[2025-02-02 20:12:29] 데이터베이스 준비 상태 대기 중...
[2025-02-02 20:12:29] 데이터베이스 준비 완료
[2025-02-02 20:16:11] 환경 변수 설정 완료
[2025-02-02 20:16:11] Azure CLI 로그인 상태 확인 중...
[2025-02-02 20:16:12] 공통 리소스 설정 중...
[2025-02-02 20:16:13] Event Grid Topic이 이미 존재합니다
[2025-02-02 20:16:15] Deadletter 컨테이너가 이미 존재합니다
[2025-02-02 20:16:15] 데이터베이스(sms) 설정 중...
[2025-02-02 20:16:15] 데이터베이스 Secret 설정 중...
[2025-02-02 20:16:16] 기존 데이터베이스 정리 중...
[2025-02-02 20:16:16] MongoDB 데이터베이스(sms) 설정 중...
[2025-02-02 20:16:16] 데이터베이스 준비 상태 대기 중...
[2025-02-02 20:16:16] 데이터베이스 준비 완료
[2025-02-02 20:16:16] 데이터베이스(push) 설정 중...
[2025-02-02 20:16:16] 데이터베이스 Secret 설정 중...
[2025-02-02 20:16:17] 기존 데이터베이스 정리 중...
[2025-02-02 20:16:17] MongoDB 데이터베이스(push) 설정 중...
[2025-02-02 20:16:17] 데이터베이스 준비 상태 대기 중...
[2025-02-02 20:16:17] 데이터베이스 준비 완료
[2025-02-02 20:16:58] 환경 변수 설정 완료
[2025-02-02 20:16:58] Azure CLI 로그인 상태 확인 중...
[2025-02-02 20:16:59] 공통 리소스 설정 중...
[2025-02-02 20:17:00] Event Grid Topic이 이미 존재합니다
[2025-02-02 20:17:02] Deadletter 컨테이너가 이미 존재합니다
[2025-02-02 20:17:02] 데이터베이스(sms) 설정 중...
[2025-02-02 20:17:02] 데이터베이스 Secret 설정 중...
[2025-02-02 20:17:02] 기존 데이터베이스 정리 중...
[2025-02-02 20:17:03] MongoDB 데이터베이스(sms) 설정 중...
[2025-02-02 20:17:03] 데이터베이스 준비 상태 대기 중...
[2025-02-02 20:17:18] 데이터베이스 준비 완료
[2025-02-02 20:17:18] 데이터베이스(push) 설정 중...
[2025-02-02 20:17:18] 데이터베이스 Secret 설정 중...
[2025-02-02 20:17:18] 기존 데이터베이스 정리 중...
[2025-02-02 20:17:18] MongoDB 데이터베이스(push) 설정 중...
[2025-02-02 20:17:19] 데이터베이스 준비 상태 대기 중...
[2025-02-02 20:18:03] 데이터베이스 준비 완료
[2025-02-02 20:18:48] 환경 변수 설정 완료
[2025-02-02 20:18:48] Azure CLI 로그인 상태 확인 중...
[2025-02-02 20:18:49] 공통 리소스 설정 중...
[2025-02-02 20:18:49] Event Grid Topic이 이미 존재합니다
[2025-02-02 20:18:52] Deadletter 컨테이너가 이미 존재합니다
[2025-02-02 20:18:52] 데이터베이스(sms) 설정 중...
[2025-02-02 20:18:52] 데이터베이스 Secret 설정 중...
[2025-02-02 20:18:52] 기존 데이터베이스 정리 중...
[2025-02-02 20:18:52] MongoDB 데이터베이스(sms) 설정 중...
[2025-02-02 20:18:53] 데이터베이스 준비 상태 대기 중...
[2025-02-02 20:18:53] 데이터베이스 준비 완료
[2025-02-02 20:18:53] 데이터베이스(push) 설정 중...
[2025-02-02 20:18:53] 데이터베이스 Secret 설정 중...
[2025-02-02 20:18:53] 기존 데이터베이스 정리 중...
[2025-02-02 20:18:53] MongoDB 데이터베이스(push) 설정 중...
[2025-02-02 20:18:54] 데이터베이스 준비 상태 대기 중...
[2025-02-02 20:19:04] 데이터베이스 준비 완료
[2025-02-02 20:19:04] Usage(Producer) 서비스 배포 시작...
[2025-02-02 20:19:41] LoadBalancer IP 대기 중...
[2025-02-02 20:19:42] Subscriber(sms) 서비스 배포 시작...
[2025-02-02 20:24:36] Error: sms Deployment 준비 실패 (Exit Code: 1)
[2025-02-02 20:24:38] 환경 변수 설정 완료
[2025-02-02 20:24:38] Azure CLI 로그인 상태 확인 중...
[2025-02-02 20:24:38] 공통 리소스 설정 중...
[2025-02-02 20:24:39] Event Grid Topic이 이미 존재합니다
[2025-02-02 20:24:42] Deadletter 컨테이너가 이미 존재합니다
[2025-02-02 20:24:42] 데이터베이스(sms) 설정 중...
[2025-02-02 20:24:42] 데이터베이스 Secret 설정 중...
[2025-02-02 20:24:42] 기존 데이터베이스 정리 중...
[2025-02-02 20:24:42] MongoDB 데이터베이스(sms) 설정 중...
[2025-02-02 20:24:43] 데이터베이스 준비 상태 대기 중...
[2025-02-02 20:24:48] 데이터베이스 준비 완료
[2025-02-02 20:24:48] 데이터베이스(push) 설정 중...
[2025-02-02 20:24:48] 데이터베이스 Secret 설정 중...
[2025-02-02 20:24:48] 기존 데이터베이스 정리 중...
[2025-02-02 20:24:48] MongoDB 데이터베이스(push) 설정 중...
[2025-02-02 20:24:49] 데이터베이스 준비 상태 대기 중...
[2025-02-02 20:24:49] 데이터베이스 준비 완료
[2025-02-02 20:24:49] Usage(Producer) 서비스 배포 시작...
[2025-02-02 20:25:22] LoadBalancer IP 대기 중...
[2025-02-02 20:25:22] Subscriber(sms) 서비스 배포 시작...
[2025-02-02 20:25:58] LoadBalancer IP 대기 중...
[2025-02-02 20:25:58] Subscriber(push) 서비스 배포 시작...
[2025-02-02 20:26:50] LoadBalancer IP 대기 중...
[2025-02-02 20:27:04] 환경 변수 설정 완료
[2025-02-02 20:27:04] Azure CLI 로그인 상태 확인 중...
[2025-02-02 20:27:05] 공통 리소스 설정 중...
[2025-02-02 20:27:06] Event Grid Topic이 이미 존재합니다
[2025-02-02 20:27:08] Deadletter 컨테이너가 이미 존재합니다
[2025-02-02 20:27:08] 데이터베이스(sms) 설정 중...
[2025-02-02 20:27:08] 데이터베이스 Secret 설정 중...
[2025-02-02 20:27:09] 기존 데이터베이스 정리 중...
[2025-02-02 20:27:09] MongoDB 데이터베이스(sms) 설정 중...
[2025-02-02 20:27:09] 데이터베이스 준비 상태 대기 중...
[2025-02-02 20:27:21] 데이터베이스 준비 완료
[2025-02-02 20:27:21] 데이터베이스(push) 설정 중...
[2025-02-02 20:27:21] 데이터베이스 Secret 설정 중...
[2025-02-02 20:27:21] 기존 데이터베이스 정리 중...
[2025-02-02 20:27:22] MongoDB 데이터베이스(push) 설정 중...
[2025-02-02 20:27:22] 데이터베이스 준비 상태 대기 중...
[2025-02-02 20:27:22] 데이터베이스 준비 완료
[2025-02-02 20:27:22] Usage(Producer) 서비스 배포 시작...
[2025-02-02 20:27:56] LoadBalancer IP 대기 중...
[2025-02-02 20:27:56] Subscriber(sms) 서비스 배포 시작...
[2025-02-02 20:28:33] LoadBalancer IP 대기 중...
[2025-02-02 20:28:33] Subscriber(push) 서비스 배포 시작...
[2025-02-02 20:29:07] LoadBalancer IP 대기 중...
[2025-02-02 20:29:07] Event Grid Subscriber(sms) 설정 중...
[2025-02-02 20:29:42] Error: Event Grid Subscriber 생성 실패 (Exit Code: 1)
[2025-02-02 20:34:43] 환경 변수 설정 완료
[2025-02-02 20:34:43] Azure CLI 로그인 상태 확인 중...
[2025-02-02 20:34:43] 공통 리소스 설정 중...
[2025-02-02 20:34:44] Event Grid Topic이 이미 존재합니다
[2025-02-02 20:34:46] Deadletter 컨테이너가 이미 존재합니다
[2025-02-02 20:34:46] 데이터베이스(sms) 설정 중...
[2025-02-02 20:34:46] 데이터베이스 Secret 설정 중...
[2025-02-02 20:34:47] 기존 데이터베이스 정리 중...
[2025-02-02 20:34:47] MongoDB 데이터베이스(sms) 설정 중...
[2025-02-02 20:34:48] 데이터베이스 준비 상태 대기 중...
[2025-02-02 20:35:11] 데이터베이스 준비 완료
[2025-02-02 20:35:11] 데이터베이스(push) 설정 중...
[2025-02-02 20:35:11] 데이터베이스 Secret 설정 중...
[2025-02-02 20:35:12] 기존 데이터베이스 정리 중...
[2025-02-02 20:35:12] MongoDB 데이터베이스(push) 설정 중...
[2025-02-02 20:35:12] 데이터베이스 준비 상태 대기 중...
[2025-02-02 20:35:25] 데이터베이스 준비 완료
[2025-02-02 20:35:25] Usage(Producer) 서비스 배포 시작...
[2025-02-02 20:36:03] LoadBalancer IP 대기 중...
[2025-02-02 20:36:03] Subscriber(sms) 서비스 배포 시작...
[2025-02-02 20:36:44] LoadBalancer IP 대기 중...
[2025-02-02 20:36:45] Subscriber(push) 서비스 배포 시작...
[2025-02-02 20:37:20] LoadBalancer IP 대기 중...
[2025-02-02 20:37:20] Event Grid Subscriber(sms) 설정 중...
[2025-02-02 20:37:57] Error: Event Grid Subscriber 생성 실패 (Exit Code: 1)
[2025-02-02 20:42:40] 환경 변수 설정 완료
[2025-02-02 20:42:40] Azure CLI 로그인 상태 확인 중...
[2025-02-02 20:42:41] 공통 리소스 설정 중...
[2025-02-02 20:42:42] Event Grid Topic이 이미 존재합니다
[2025-02-02 20:42:44] Deadletter 컨테이너가 이미 존재합니다
[2025-02-02 20:42:44] 데이터베이스(sms) 설정 중...
[2025-02-02 20:42:44] 데이터베이스 Secret 설정 중...
[2025-02-02 20:42:44] 기존 데이터베이스 정리 중...
[2025-02-02 20:42:45] MongoDB 데이터베이스(sms) 설정 중...
[2025-02-02 20:42:45] 데이터베이스 준비 상태 대기 중...
[2025-02-02 20:42:49] 데이터베이스 준비 완료
[2025-02-02 20:42:49] 데이터베이스(push) 설정 중...
[2025-02-02 20:42:49] 데이터베이스 Secret 설정 중...
[2025-02-02 20:42:50] 기존 데이터베이스 정리 중...
[2025-02-02 20:42:50] MongoDB 데이터베이스(push) 설정 중...
[2025-02-02 20:42:50] 데이터베이스 준비 상태 대기 중...
[2025-02-02 20:42:55] 데이터베이스 준비 완료
[2025-02-02 20:42:55] Usage(Producer) 서비스 배포 시작...
[2025-02-02 20:43:33] LoadBalancer IP 대기 중...
[2025-02-02 20:43:33] Subscriber(sms) 서비스 배포 시작...
[2025-02-02 20:44:05] LoadBalancer IP 대기 중...
[2025-02-02 20:44:06] Subscriber(push) 서비스 배포 시작...
[2025-02-02 20:44:39] LoadBalancer IP 대기 중...
[2025-02-02 20:44:39] Event Grid Subscriber(sms) 설정 중...
[2025-02-02 20:45:13] Error: Event Grid Subscriber 생성 실패 (Exit Code: 1)
[2025-02-02 20:54:45] 환경 변수 설정 완료
[2025-02-02 20:54:45] Azure CLI 로그인 상태 확인 중...
[2025-02-02 20:54:45] 공통 리소스 설정 중...
[2025-02-02 20:54:46] Event Grid Topic이 이미 존재합니다
[2025-02-02 20:54:49] Deadletter 컨테이너가 이미 존재합니다
[2025-02-02 20:54:49] 데이터베이스(sms) 설정 중...
[2025-02-02 20:54:49] 데이터베이스 Secret 설정 중...
[2025-02-02 20:54:49] 기존 데이터베이스 정리 중...
[2025-02-02 20:54:49] MongoDB 데이터베이스(sms) 설정 중...
[2025-02-02 20:54:50] 데이터베이스 준비 상태 대기 중...
[2025-02-02 20:54:55] 데이터베이스 준비 완료
[2025-02-02 20:54:55] 데이터베이스(push) 설정 중...
[2025-02-02 20:54:55] 데이터베이스 Secret 설정 중...
[2025-02-02 20:54:55] 기존 데이터베이스 정리 중...
[2025-02-02 20:54:55] MongoDB 데이터베이스(push) 설정 중...
[2025-02-02 20:54:56] 데이터베이스 준비 상태 대기 중...
[2025-02-02 20:54:59] 데이터베이스 준비 완료
[2025-02-02 20:54:59] Usage(Producer) 서비스 배포 시작...
[2025-02-02 20:55:36] LoadBalancer IP 대기 중...
[2025-02-02 20:55:36] Subscriber(sms) 서비스 배포 시작...
[2025-02-02 20:56:11] LoadBalancer IP 대기 중...
[2025-02-02 20:56:11] Subscriber(push) 서비스 배포 시작...
[2025-02-02 20:56:44] LoadBalancer IP 대기 중...
[2025-02-02 20:56:44] Event Grid Subscriber(sms) 설정 중...
[2025-02-02 20:57:19] Error: Event Grid Subscriber 생성 실패 (Exit Code: 1)
[2025-02-02 20:58:52] 환경 변수 설정 완료
[2025-02-02 20:58:52] Azure CLI 로그인 상태 확인 중...
[2025-02-02 20:58:53] 공통 리소스 설정 중...
[2025-02-02 20:58:54] Event Grid Topic이 이미 존재합니다
[2025-02-02 20:58:56] Deadletter 컨테이너가 이미 존재합니다
[2025-02-02 20:58:56] 데이터베이스(sms) 설정 중...
[2025-02-02 20:58:56] 데이터베이스 Secret 설정 중...
[2025-02-02 20:58:56] 기존 데이터베이스 정리 중...
[2025-02-02 20:58:57] MongoDB 데이터베이스(sms) 설정 중...
[2025-02-02 20:58:57] 데이터베이스 준비 상태 대기 중...
[2025-02-02 20:58:57] 데이터베이스 준비 완료
[2025-02-02 20:58:57] 데이터베이스(push) 설정 중...
[2025-02-02 20:58:57] 데이터베이스 Secret 설정 중...
[2025-02-02 20:58:58] 기존 데이터베이스 정리 중...
[2025-02-02 20:58:58] MongoDB 데이터베이스(push) 설정 중...
[2025-02-02 20:58:58] 데이터베이스 준비 상태 대기 중...
[2025-02-02 20:59:05] 데이터베이스 준비 완료
[2025-02-02 20:59:05] Usage(Producer) 서비스 배포 시작...
[2025-02-02 20:59:37] LoadBalancer IP 대기 중...
[2025-02-02 20:59:38] Subscriber(sms) 서비스 배포 시작...
[2025-02-02 21:00:18] LoadBalancer IP 대기 중...
[2025-02-02 21:00:18] Subscriber(push) 서비스 배포 시작...
[2025-02-02 21:00:54] LoadBalancer IP 대기 중...
[2025-02-02 21:00:54] Event Grid Subscriber(sms) 설정 중...
[2025-02-02 21:01:28] Error: Event Grid Subscriber 생성 실패 (Exit Code: 1)
[2025-02-02 21:17:28] 환경 변수 설정 완료
[2025-02-02 21:17:28] Azure CLI 로그인 상태 확인 중...
[2025-02-02 21:17:29] 공통 리소스 설정 중...
[2025-02-02 21:17:30] Event Grid Topic이 이미 존재합니다
[2025-02-02 21:17:32] Deadletter 컨테이너가 이미 존재합니다
[2025-02-02 21:17:32] 데이터베이스(sms) 설정 중...
[2025-02-02 21:17:32] 데이터베이스 Secret 설정 중...
[2025-02-02 21:17:33] 기존 데이터베이스 정리 중...
[2025-02-02 21:17:33] MongoDB 데이터베이스(sms) 설정 중...
[2025-02-02 21:17:33] 데이터베이스 준비 상태 대기 중...
[2025-02-02 21:17:42] 데이터베이스 준비 완료
[2025-02-02 21:17:42] 데이터베이스(push) 설정 중...
[2025-02-02 21:17:42] 데이터베이스 Secret 설정 중...
[2025-02-02 21:17:42] 기존 데이터베이스 정리 중...
[2025-02-02 21:17:43] MongoDB 데이터베이스(push) 설정 중...
[2025-02-02 21:17:43] 데이터베이스 준비 상태 대기 중...
[2025-02-02 21:17:48] 데이터베이스 준비 완료
[2025-02-02 21:17:48] Usage(Producer) 서비스 배포 시작...
[2025-02-02 21:18:20] LoadBalancer IP 대기 중...
[2025-02-02 21:18:20] Subscriber(sms) 서비스 배포 시작...
[2025-02-02 21:18:54] LoadBalancer IP 대기 중...
[2025-02-02 21:18:54] Subscriber(push) 서비스 배포 시작...
[2025-02-02 21:19:38] LoadBalancer IP 대기 중...
[2025-02-02 21:19:38] Event Grid Subscriber(sms) 설정 중...
[2025-02-02 21:20:13] Event Grid Subscriber(sms)가 생성되었습니다
[2025-02-02 21:20:13] Event Grid Subscriber(push) 설정 중...
[2025-02-02 21:20:48] Event Grid Subscriber(push)가 생성되었습니다
[2025-02-02 21:20:48] === 배포 결과 ===
[2025-02-02 21:20:49] === Event Grid Topic 정보 ===
[2025-02-02 21:20:50] === Event Grid Subscription 정보 ===
[2025-02-02 21:20:50] SMS Endpoint : https://dg0100.sms.20.41.83.72.nip.io/api/events/usage
[2025-02-02 21:20:50] Push Endpoint: https://dg0100.push.20.41.83.72.nip.io/api/events/usage
[2025-02-02 21:20:50] === Event Grid Subscription(SMS) 정보 ===
[2025-02-02 21:20:51] === Event Grid Subscription(Push) 정보 ===
[2025-02-02 21:20:53] === 서비스 접근 정보 ===
[2025-02-02 21:20:53] === Application URLs ===
[2025-02-02 21:20:53] usage: http://20.214.194.70/swagger-ui.html
[2025-02-02 21:20:53] sms: http://4.230.146.82/swagger-ui.html
[2025-02-02 21:20:53] push: http://20.249.198.150/swagger-ui.html
[2025-02-02 21:20:53] 모든 리소스가 성공적으로 생성되었습니다.
[2025-02-02 21:42:13] 환경 변수 설정 완료
[2025-02-02 21:42:13] Azure CLI 로그인 상태 확인 중...
[2025-02-02 21:42:13] 공통 리소스 설정 중...
[2025-02-02 21:42:14] Event Grid Topic이 이미 존재합니다
[2025-02-02 21:42:17] Deadletter 컨테이너가 이미 존재합니다
[2025-02-02 21:42:17] 데이터베이스(sms) 설정 중...
[2025-02-02 21:42:17] 데이터베이스 Secret 설정 중...
[2025-02-02 21:42:17] 기존 데이터베이스 정리 중...
[2025-02-02 21:42:18] MongoDB 데이터베이스(sms) 설정 중...
[2025-02-02 21:42:18] 데이터베이스 준비 상태 대기 중...
[2025-02-02 21:42:18] 데이터베이스 준비 완료
[2025-02-02 21:42:18] 데이터베이스(push) 설정 중...
[2025-02-02 21:42:18] 데이터베이스 Secret 설정 중...
[2025-02-02 21:42:19] 기존 데이터베이스 정리 중...
[2025-02-02 21:42:19] MongoDB 데이터베이스(push) 설정 중...
[2025-02-02 21:42:19] 데이터베이스 준비 상태 대기 중...
[2025-02-02 21:42:27] 데이터베이스 준비 완료
[2025-02-02 21:42:27] Usage(Producer) 서비스 배포 시작...
[2025-02-02 21:43:04] LoadBalancer IP 대기 중...
[2025-02-02 21:43:04] Subscriber(sms) 서비스 배포 시작...
[2025-02-02 21:43:42] LoadBalancer IP 대기 중...
[2025-02-02 21:43:42] Subscriber(push) 서비스 배포 시작...
[2025-02-02 21:44:21] LoadBalancer IP 대기 중...
[2025-02-02 21:44:21] Event Grid Subscriber(sms) 설정 중...
[2025-02-02 21:44:23] Event Grid Subscription이 이미 존재합니다
[2025-02-02 21:44:23] Event Grid Subscriber(push) 설정 중...
[2025-02-02 21:44:25] Event Grid Subscription이 이미 존재합니다
[2025-02-02 21:44:25] === 배포 결과 ===
[2025-02-02 21:44:25] === Event Grid Topic 정보 ===
[2025-02-02 21:44:26] === Event Grid Subscription 정보 ===
[2025-02-02 21:44:26] SMS Endpoint : https://dg0100.sms.20.41.83.72.nip.io/api/events/usage
[2025-02-02 21:44:26] Push Endpoint: https://dg0100.push.20.41.83.72.nip.io/api/events/usage
[2025-02-02 21:44:26] === Event Grid Subscription(SMS) 정보 ===
[2025-02-02 21:44:27] === Event Grid Subscription(Push) 정보 ===
[2025-02-02 21:44:28] === 서비스 접근 정보 ===
[2025-02-02 21:44:28] usage: http://20.214.194.70/swagger-ui.html
[2025-02-02 21:44:28] sms: http://4.230.146.82/swagger-ui.html
[2025-02-02 21:44:28] push: http://20.249.198.150/swagger-ui.html
[2025-02-02 21:44:28] 모든 리소스가 성공적으로 생성되었습니다.
[2025-02-02 22:08:49] 환경 변수 설정 완료
[2025-02-02 22:08:49] Azure CLI 로그인 상태 확인 중...
[2025-02-02 22:08:50] 공통 리소스 설정 중...
[2025-02-02 22:08:51] Event Grid Topic이 이미 존재합니다
[2025-02-02 22:08:53] Deadletter 컨테이너가 이미 존재합니다
[2025-02-02 22:08:53] 데이터베이스(sms) 설정 중...
[2025-02-02 22:08:53] 데이터베이스 Secret 설정 중...
[2025-02-02 22:08:53] 기존 데이터베이스 정리 중...
[2025-02-02 22:08:54] MongoDB 데이터베이스(sms) 설정 중...
[2025-02-02 22:08:54] 데이터베이스 준비 상태 대기 중...
[2025-02-02 22:09:07] 데이터베이스 준비 완료
[2025-02-02 22:09:07] 데이터베이스(push) 설정 중...
[2025-02-02 22:09:07] 데이터베이스 Secret 설정 중...
[2025-02-02 22:09:07] 기존 데이터베이스 정리 중...
[2025-02-02 22:09:08] MongoDB 데이터베이스(push) 설정 중...
[2025-02-02 22:09:08] 데이터베이스 준비 상태 대기 중...
[2025-02-02 22:09:19] 데이터베이스 준비 완료
[2025-02-02 22:09:19] Usage(Producer) 서비스 배포 시작...
[2025-02-02 22:09:56] LoadBalancer IP 대기 중...
[2025-02-02 22:09:56] Subscriber(sms) 서비스 배포 시작...
[2025-02-02 22:10:29] LoadBalancer IP 대기 중...
[2025-02-02 22:10:29] Subscriber(push) 서비스 배포 시작...
[2025-02-02 22:11:02] LoadBalancer IP 대기 중...
[2025-02-02 22:11:02] Event Grid Subscriber(sms) 설정 중...
[2025-02-02 22:11:03] Event Grid Subscription이 이미 존재합니다
[2025-02-02 22:11:03] Event Grid Subscriber(push) 설정 중...
[2025-02-02 22:11:04] Event Grid Subscription이 이미 존재합니다
[2025-02-02 22:11:04] === 배포 결과 ===
[2025-02-02 22:11:05] === Event Grid Topic 정보 ===
[2025-02-02 22:11:05] === Event Grid Subscription 정보 ===
[2025-02-02 22:11:05] SMS Endpoint : https://dg0100.sms.20.41.83.72.nip.io/api/events/usage
[2025-02-02 22:11:05] Push Endpoint: https://dg0100.push.20.41.83.72.nip.io/api/events/usage
[2025-02-02 22:11:05] === Event Grid Subscription(SMS) 정보 ===
[2025-02-02 22:11:06] === Event Grid Subscription(Push) 정보 ===
[2025-02-02 22:11:08] === 서비스 접근 정보 ===
[2025-02-02 22:11:08] usage: http://20.214.194.70/swagger-ui.html
[2025-02-02 22:11:08] sms: http://4.230.146.82/swagger-ui.html
[2025-02-02 22:11:08] push: http://20.249.198.150/swagger-ui.html
[2025-02-02 22:11:08] 모든 리소스가 성공적으로 생성되었습니다.
[2025-02-02 22:11:53] 환경 변수 설정 완료
[2025-02-02 22:11:53] Azure CLI 로그인 상태 확인 중...
[2025-02-02 22:11:53] 공통 리소스 설정 중...
[2025-02-02 22:11:54] Event Grid Topic이 이미 존재합니다
[2025-02-02 22:11:57] Deadletter 컨테이너가 이미 존재합니다
[2025-02-02 22:11:57] 데이터베이스(sms) 설정 중...
[2025-02-02 22:11:57] 데이터베이스 Secret 설정 중...
[2025-02-02 22:11:57] 기존 데이터베이스 정리 중...
[2025-02-02 22:11:57] MongoDB 데이터베이스(sms) 설정 중...
[2025-02-02 22:11:58] 데이터베이스 준비 상태 대기 중...
[2025-02-02 22:12:01] 데이터베이스 준비 완료
[2025-02-02 22:12:01] 데이터베이스(push) 설정 중...
[2025-02-02 22:12:01] 데이터베이스 Secret 설정 중...
[2025-02-02 22:12:01] 기존 데이터베이스 정리 중...
[2025-02-02 22:12:01] MongoDB 데이터베이스(push) 설정 중...
[2025-02-02 22:12:02] 데이터베이스 준비 상태 대기 중...
[2025-02-02 22:12:11] 데이터베이스 준비 완료
[2025-02-02 22:12:11] Usage(Producer) 서비스 배포 시작...
[2025-02-02 22:12:43] LoadBalancer IP 대기 중...
[2025-02-02 22:12:43] Subscriber(sms) 서비스 배포 시작...
[2025-02-02 22:13:16] LoadBalancer IP 대기 중...
[2025-02-02 22:13:16] Subscriber(push) 서비스 배포 시작...
[2025-02-02 22:13:49] LoadBalancer IP 대기 중...
[2025-02-02 22:13:50] Event Grid Subscriber(sms) 설정 중...
[2025-02-02 22:14:25] Event Grid Subscriber(sms)가 생성되었습니다
[2025-02-02 22:14:25] Event Grid Subscriber(push) 설정 중...
[2025-02-02 22:15:01] Event Grid Subscriber(push)가 생성되었습니다
[2025-02-02 22:15:01] === 배포 결과 ===
[2025-02-02 22:15:02] === Event Grid Topic 정보 ===
[2025-02-02 22:15:02] === Event Grid Subscription 정보 ===
[2025-02-02 22:15:02] SMS Endpoint : https://dg0100.sms.20.41.83.72.nip.io/api/events/usage
[2025-02-02 22:15:02] Push Endpoint: https://dg0100.push.20.41.83.72.nip.io/api/events/usage
[2025-02-02 22:15:02] === Event Grid Subscription(SMS) 정보 ===
[2025-02-02 22:15:03] === Event Grid Subscription(Push) 정보 ===
[2025-02-02 22:15:04] === 서비스 접근 정보 ===
[2025-02-02 22:15:05] usage: http://20.214.194.70/swagger-ui.html
[2025-02-02 22:15:05] sms: http://4.230.146.82/swagger-ui.html
[2025-02-02 22:15:05] push: http://20.249.198.150/swagger-ui.html
[2025-02-02 22:15:05] 모든 리소스가 성공적으로 생성되었습니다.
[2025-02-02 22:33:34] 환경 변수 설정 완료
[2025-02-02 22:33:34] Azure CLI 로그인 상태 확인 중...
[2025-02-02 22:33:34] 공통 리소스 설정 중...
[2025-02-02 22:34:49] 데이터베이스(sms) 설정 중...
[2025-02-02 22:34:49] 데이터베이스 Secret 설정 중...
[2025-02-02 22:34:49] 기존 데이터베이스 정리 중...
[2025-02-02 22:34:50] MongoDB 데이터베이스(sms) 설정 중...
[2025-02-02 22:34:50] 데이터베이스 준비 상태 대기 중...
[2025-02-02 22:35:06] 데이터베이스 준비 완료
[2025-02-02 22:35:06] 데이터베이스(push) 설정 중...
[2025-02-02 22:35:06] 데이터베이스 Secret 설정 중...
[2025-02-02 22:35:07] 기존 데이터베이스 정리 중...
[2025-02-02 22:35:07] MongoDB 데이터베이스(push) 설정 중...
[2025-02-02 22:35:07] 데이터베이스 준비 상태 대기 중...
[2025-02-02 22:35:27] 데이터베이스 준비 완료
[2025-02-02 22:35:27] Usage(Producer) 서비스 배포 시작...
[2025-02-02 22:36:05] LoadBalancer IP 대기 중...
[2025-02-02 22:36:05] LoadBalancer IP 대기 중... (1/30)
[2025-02-02 22:36:15] Subscriber(sms) 서비스 배포 시작...
[2025-02-02 22:36:51] LoadBalancer IP 대기 중...
[2025-02-02 22:36:51] LoadBalancer IP 대기 중... (1/30)
[2025-02-02 22:37:01] LoadBalancer IP 대기 중... (2/30)
[2025-02-02 22:37:12] LoadBalancer IP 대기 중... (3/30)
[2025-02-02 22:37:22] LoadBalancer IP 대기 중... (4/30)
[2025-02-02 22:37:32] LoadBalancer IP 대기 중... (5/30)
[2025-02-02 22:37:42] LoadBalancer IP 대기 중... (6/30)
[2025-02-02 22:37:53] LoadBalancer IP 대기 중... (7/30)
[2025-02-02 22:38:03] LoadBalancer IP 대기 중... (8/30)
[2025-02-02 22:38:13] LoadBalancer IP 대기 중... (9/30)
[2025-02-02 22:38:24] LoadBalancer IP 대기 중... (10/30)
[2025-02-02 22:38:34] Error: LoadBalancer IP를 얻는데 실패했습니다.
[2025-02-02 22:53:07] 환경 변수 설정 완료
[2025-02-02 22:53:07] Azure CLI 로그인 상태 확인 중...
[2025-02-02 22:53:08] 공통 리소스 설정 중...
[2025-02-02 22:54:18] 데이터베이스(sms) 설정 중...
[2025-02-02 22:54:18] 데이터베이스 Secret 설정 중...
[2025-02-02 22:54:19] 기존 데이터베이스 정리 중...
[2025-02-02 22:54:19] MongoDB 데이터베이스(sms) 설정 중...
[2025-02-02 22:54:19] 데이터베이스 준비 상태 대기 중...
[2025-02-02 22:54:38] 데이터베이스 준비 완료
[2025-02-02 22:54:38] 데이터베이스(push) 설정 중...
[2025-02-02 22:54:38] 데이터베이스 Secret 설정 중...
[2025-02-02 22:54:39] 기존 데이터베이스 정리 중...
[2025-02-02 22:54:39] MongoDB 데이터베이스(push) 설정 중...
[2025-02-02 22:54:40] 데이터베이스 준비 상태 대기 중...
[2025-02-02 22:54:58] 데이터베이스 준비 완료
[2025-02-02 22:54:58] Usage(Producer) 서비스 배포 시작...
[2025-02-02 22:55:34] LoadBalancer IP 대기 중...
[2025-02-02 22:55:35] LoadBalancer IP 대기 중... (1/30)
[2025-02-02 22:55:45] Subscriber(sms) 서비스 배포 시작...
[2025-02-02 22:56:21] LoadBalancer IP 대기 중...
[2025-02-02 22:56:21] Subscriber(push) 서비스 배포 시작...
[2025-02-02 22:56:56] LoadBalancer IP 대기 중...
[2025-02-02 22:56:57] Event Grid Subscriber(sms) 설정 중...
[2025-02-02 22:57:31] Error: Event Grid Subscriber 생성 실패 (Exit Code: 1)
